#
# A fatal error has been detected by the Java Runtime Environment:
#
#  SIGSEGV (0xb) at pc=0x00007f0b3687f613, pid=4655, tid=4669
#
# JRE version: OpenJDK Runtime Environment (17.0.3+7) (build 17.0.3+7-LTS)
# Java VM: OpenJDK 64-Bit Server VM (17.0.3+7-LTS, mixed mode, sharing, tiered, compressed oops, compressed class ptrs, g1 gc, linux-amd64)
# Problematic frame:
# V  [libjvm.so+0xa3f613]  JvmtiBreakpoint::each_method_version_do(void (Method::*)(int))+0xf3
#
# Core dump will be written. Default location: Core dumps may be processed with "/usr/share/apport/apport -p%p -s%s -c%c -d%d -P%P -u%u -g%g -- %E" (or dumping to /home/misha/Документы/git/top224JavaBMZ/core.4655)
#
# If you would like to submit a bug report, please visit:
#   https://bell-sw.com/support
#

---------------  S U M M A R Y ------------

Command Line: -XX:+ShowCodeDetailsInExceptionMessages -agentlib:jdwp=transport=dt_socket,suspend=y,address=localhost:39339 -javaagent:/home/misha/eclipse2022/eclipse/configuration/org.eclipse.osgi/217/0/.cp/lib/javaagent-shaded.jar -Dfile.encoding=UTF-8 --module-path=/home/misha/Документы/git/top224JavaBMZ/bin -Djdk.module.main=top224JavaBMZ top224JavaBMZ/hw03.task01

Host: AMD FX-8320E Eight-Core Processor, 8 cores, 7G, Ubuntu 20.04.4 LTS
Time: Sun Jun  5 20:15:39 2022 MSK elapsed time: 179.816805 seconds (0d 0h 2m 59s)

---------------  T H R E A D  ---------------

Current thread (0x00007f0b30133df0):  VMThread "VM Thread" [stack: 0x00007f0b11143000,0x00007f0b11243000] [id=4669]

Stack: [0x00007f0b11143000,0x00007f0b11243000],  sp=0x00007f0b112418d0,  free space=1018k
Native frames: (J=compiled Java code, j=interpreted, Vv=VM code, C=native code)
V  [libjvm.so+0xa3f613]  JvmtiBreakpoint::each_method_version_do(void (Method::*)(int))+0xf3
V  [libjvm.so+0xf8b153]  VM_Operation::evaluate()+0x173
V  [libjvm.so+0xf8cc56]  VMThread::evaluate_operation(VM_Operation*)+0x106
V  [libjvm.so+0xf8d1c5]  VMThread::inner_execute(VM_Operation*)+0x1d5
V  [libjvm.so+0xf8d49f]  VMThread::run()+0xbf
V  [libjvm.so+0xf0a2a2]  Thread::call_run()+0xe2
V  [libjvm.so+0xc43261]  thread_native_entry(Thread*)+0xe1


siginfo: si_signo: 11 (SIGSEGV), si_code: 1 (SEGV_MAPERR), si_addr: 0x000000007f0b1859

Register to memory mapping:

RAX=0x00007f0b10c3b530 is pointing into metadata
RBX={method} {0x00007f0b10c3b628} 
[error occurred during error reporting (printing register info), id 0xb, SIGSEGV (0xb) at pc=0x00007f0b369f8d28]

Registers:
RAX=0x00007f0b10c3b530, RBX=0x00007f0b10c3b628, RCX=0x00007f0b10c3b520, RDX=0x00007f0b10c3b5ca
RSP=0x00007f0b112418d0, RBP=0x00007f0b11241950, RSI=0x000000007f0b1811, RDI=0x0000000000000000
R8 =0x0000000000000001, R9 =0x0000000000000160, R10=0x00007ffcf99f8090, R11=0x0000000000028556
R12=0x000000080045dc70, R13=0x0000000800460570, R14=0x0000000800c05ec8, R15=0x000000080045dc70
RIP=0x00007f0b3687f613, EFLAGS=0x0000000000010246, CSGSFS=0x002b000000000033, ERR=0x0000000000000004
  TRAPNO=0x000000000000000e

Top of Stack: (sp=0x00007f0b112418d0)
0x00007f0b112418d0:   00007f0ac8002040 0100000000000002
0x00007f0b112418e0:   00007f0af314e9b0 00007f0b3687fc90
0x00007f0b112418f0:   0000000000000002 00007f0af314e9b0
0x00007f0b11241900:   0000000000000000 00007f0b369feb30 

Instructions: (pc=0x00007f0b3687f613)
0x00007f0b3687f513:   db 75 ba eb c6 0f 1f 84 00 00 00 00 00 55 48 89
0x00007f0b3687f523:   f1 48 89 f0 48 89 e5 41 57 41 56 41 55 41 54 49
0x00007f0b3687f533:   89 ff 53 48 89 d7 48 83 ec 58 49 03 7f 08 83 e1
0x00007f0b3687f543:   01 48 89 75 b8 48 89 55 c8 48 89 4d b0 74 08 48
0x00007f0b3687f553:   8b 07 48 8b 44 30 ff 41 8b 77 10 ff d0 49 8b 47
0x00007f0b3687f563:   08 48 8b 50 08 48 8b 42 08 0f b7 4a 22 0f b7 52
0x00007f0b3687f573:   24 4c 8b 64 c8 48 4c 8b 74 d0 48 48 8b 40 18 4c
0x00007f0b3687f583:   8b a8 80 01 00 00 4d 85 ed 0f 84 9e 01 00 00 48
0x00007f0b3687f593:   83 7d c8 00 4c 89 7d a8 4d 89 e7 0f 94 c2 48 83
0x00007f0b3687f5a3:   3d b7 18 b6 00 00 0f 94 c0 09 c2 4c 89 e8 4d 89
0x00007f0b3687f5b3:   f5 88 55 8f 49 89 c6 66 0f 1f 44 00 00 49 8b b6
0x00007f0b3687f5c3:   98 01 00 00 8b 16 83 ea 01 0f 88 4e 01 00 00 48
0x00007f0b3687f5d3:   63 ca 89 d2 48 c1 e1 03 48 c1 e2 03 48 8d 04 0e
0x00007f0b3687f5e3:   48 8d 4c 0e f8 48 29 d1 eb 10 0f 1f 00 48 83 e8
0x00007f0b3687f5f3:   08 48 39 c1 0f 84 23 01 00 00 48 8b 58 08 f6 43
0x00007f0b3687f603:   2a 02 75 e9 48 8b 53 08 0f b7 7a 22 48 8b 72 08
0x00007f0b3687f613:   4c 3b 7c fe 48 75 d6 0f b7 52 24 4c 3b 6c d6 48
0x00007f0b3687f623:   75 cb 66 48 8d 3d 8b 19 b6 00 66 66 48 e8 bb 1b
0x00007f0b3687f633:   81 ff 48 83 3d 7b 37 bb 00 00 48 8b 00 4c 8b a0
0x00007f0b3687f643:   30 02 00 00 49 8b 44 24 10 48 89 45 c0 49 8b 44
0x00007f0b3687f653:   24 18 48 89 45 a0 49 8b 44 24 20 48 89 45 98 49
0x00007f0b3687f663:   8b 44 24 28 48 89 45 90 74 4f 4c 89 ef e8 8b 51
0x00007f0b3687f673:   46 00 48 89 45 80 48 8b 43 08 0f b7 50 22 48 8b
0x00007f0b3687f683:   40 08 48 8b 7c d0 48 e8 71 51 46 00 48 8b 7d b8
0x00007f0b3687f693:   48 3b 3d c6 17 b6 00 48 8d 35 2b b7 61 00 48 8b
0x00007f0b3687f6a3:   4d 80 0f 84 94 00 00 00 48 8d 3d 1e 9d 64 00 48
0x00007f0b3687f6b3:   89 c2 31 c0 e8 d4 07 00 00 48 83 7d b0 00 48 8b
0x00007f0b3687f6c3:   45 c8 48 8b 75 b8 48 8d 3c 03 48 89 f0 74 08 48
0x00007f0b3687f6d3:   8b 07 48 8b 44 30 ff 48 8b 75 a8 8b 76 10 ff d0
0x00007f0b3687f6e3:   48 8b 5d c0 48 83 3b 00 74 14 48 8b 75 90 4c 89
0x00007f0b3687f6f3:   e7 e8 e7 af 98 ff 48 89 df e8 9f a0 98 ff 48 8b
0x00007f0b3687f703:   45 c0 49 89 44 24 10 48 8b 45 a0 49 89 44 24 18 


Stack slot to memory mapping:
stack at sp + 0 slots: 0x00007f0ac8002040 points into unknown readable memory: 0x0000000500000003 | 03 00 00 00 05 00 00 00
stack at sp + 1 slots: 0x0100000000000002 is an unknown value
stack at sp + 2 slots: 0x00007f0af314e9b0 is pointing into the stack for thread: 0x00007f0b301c3f30
stack at sp + 3 slots: 0x00007f0b3687fc90: <offset 0x0000000000a3fc90> in /usr/lib/jvm/bellsoft-java17-full-amd64/lib/server/libjvm.so at 0x00007f0b35e40000
stack at sp + 4 slots: 0x0000000000000002 is an unknown value
stack at sp + 5 slots: 0x00007f0af314e9b0 is pointing into the stack for thread: 0x00007f0b301c3f30
stack at sp + 6 slots: 0x0 is NULL
stack at sp + 7 slots: 0x00007f0b369feb30: <offset 0x0000000000bbeb30> in /usr/lib/jvm/bellsoft-java17-full-amd64/lib/server/libjvm.so at 0x00007f0b35e40000

VM_Operation (0x00007f0af314e940): ChangeBreakpoints, mode: safepoint, requested by thread 0x00007f0b301c3f30


---------------  P R O C E S S  ---------------

Threads class SMR info:
_java_thread_list=0x00007f0b3027e980, length=14, elements={
0x00007f0b300262f0, 0x00007f0b30137e40, 0x00007f0b30139220, 0x00007f0b3013e9b0,
0x00007f0b3013fd60, 0x00007f0b30141170, 0x00007f0b30142b20, 0x00007f0b30144050,
0x00007f0b3014d4b0, 0x00007f0b30188c70, 0x00007f0b301c3f30, 0x00007f0b301dc960,
0x00007f0ac8000fb0, 0x00007f0b3027da50
}

Java Threads: ( => current thread )
  0x00007f0b300262f0 JavaThread "main" [_thread_blocked, id=4662, stack(0x00007f0b35bcf000,0x00007f0b35cd0000)]
  0x00007f0b30137e40 JavaThread "Reference Handler" daemon [_thread_blocked, id=4670, stack(0x00007f0b11040000,0x00007f0b11141000)]
  0x00007f0b30139220 JavaThread "Finalizer" daemon [_thread_blocked, id=4671, stack(0x00007f0b1042f000,0x00007f0b10530000)]
  0x00007f0b3013e9b0 JavaThread "Signal Dispatcher" daemon [_thread_blocked, id=4673, stack(0x00007f0b1032e000,0x00007f0b1042f000)]
  0x00007f0b3013fd60 JavaThread "Service Thread" daemon [_thread_blocked, id=4674, stack(0x00007f0b1022d000,0x00007f0b1032e000)]
  0x00007f0b30141170 JavaThread "Monitor Deflation Thread" daemon [_thread_blocked, id=4675, stack(0x00007f0b1012c000,0x00007f0b1022d000)]
  0x00007f0b30142b20 JavaThread "C2 CompilerThread0" daemon [_thread_blocked, id=4676, stack(0x00007f0b1002b000,0x00007f0b1012c000)]
  0x00007f0b30144050 JavaThread "C1 CompilerThread0" daemon [_thread_blocked, id=4677, stack(0x00007f0af3987000,0x00007f0af3a88000)]
  0x00007f0b3014d4b0 JavaThread "Sweeper thread" daemon [_thread_blocked, id=4678, stack(0x00007f0af3886000,0x00007f0af3987000)]
  0x00007f0b30188c70 JavaThread "Common-Cleaner" daemon [_thread_blocked, id=4679, stack(0x00007f0af3357000,0x00007f0af3458000)]
  0x00007f0b301c3f30 JavaThread "JDWP Transport Listener: dt_socket" daemon [_thread_blocked, id=4681, stack(0x00007f0af304f000,0x00007f0af3150000)]
  0x00007f0b301dc960 JavaThread "JDWP Event Helper Thread" daemon [_thread_blocked, id=4682, stack(0x00007f0af2f4e000,0x00007f0af304f000)]
  0x00007f0ac8000fb0 JavaThread "JDWP Command Reader" daemon [_thread_in_native, id=4683, stack(0x00007f0af2e4d000,0x00007f0af2f4e000)]
  0x00007f0b3027da50 JavaThread "Notification Thread" daemon [_thread_blocked, id=4689, stack(0x00007f0af2b3f000,0x00007f0af2c40000)]

Other Threads:
=>0x00007f0b30133df0 VMThread "VM Thread" [stack: 0x00007f0b11143000,0x00007f0b11243000] [id=4669]
  0x00007f0b30028010 WatcherThread [stack: 0x00007f0af2a3f000,0x00007f0af2b3f000] [id=4690]
  0x00007f0b3007fba0 GCTaskThread "GC Thread#0" [stack: 0x00007f0b34023000,0x00007f0b34123000] [id=4664]
  0x00007f0b300907a0 ConcurrentGCThread "G1 Main Marker" [stack: 0x00007f0b13e70000,0x00007f0b13f70000] [id=4665]
  0x00007f0b30091700 ConcurrentGCThread "G1 Conc#0" [stack: 0x00007f0b13d6e000,0x00007f0b13e6e000] [id=4666]
  0x00007f0b30107090 ConcurrentGCThread "G1 Refine#0" [stack: 0x00007f0b11464000,0x00007f0b11564000] [id=4667]
  0x00007f0b30107f80 ConcurrentGCThread "G1 Service" [stack: 0x00007f0b11362000,0x00007f0b11462000] [id=4668]

Threads with active compile tasks:

VM state: at safepoint (normal execution)

VM Mutex/Monitor currently owned by a thread:  ([mutex/lock_event])
[0x00007f0b30022a90] Threads_lock - owner thread: 0x00007f0b30133df0

Heap address: 0x0000000085000000, size: 1968 MB, Compressed Oops mode: 32-bit

CDS archive(s) mapped at: [0x0000000800000000-0x0000000800bea000-0x0000000800bea000), size 12492800, SharedBaseAddress: 0x0000000800000000, ArchiveRelocationMode: 0.
Compressed class space mapped at: 0x0000000800c00000-0x0000000840c00000, reserved size: 1073741824
Narrow klass base: 0x0000000800000000, Narrow klass shift: 0, Narrow klass range: 0x100000000

GC Precious Log:
 CPUs: 8 total, 8 available
 Memory: 7869M
 Large Page Support: Disabled
 NUMA Support: Disabled
 Compressed Oops: Enabled (32-bit)
 Heap Region Size: 1M
 Heap Min Capacity: 8M
 Heap Initial Capacity: 124M
 Heap Max Capacity: 1968M
 Pre-touch: Disabled
 Parallel Workers: 8
 Concurrent Workers: 2
 Concurrent Refinement Workers: 8
 Periodic GC: Disabled

Heap:
 garbage-first heap   total 129024K, used 5136K [0x0000000085000000, 0x0000000100000000)
  region size 1024K, 5 young (5120K), 0 survivors (0K)
 Metaspace       used 3022K, committed 3136K, reserved 1056768K
  class space    used 292K, committed 384K, reserved 1048576K

Heap Regions: E=young(eden), S=young(survivor), O=old, HS=humongous(starts), HC=humongous(continues), CS=collection set, F=free, OA=open archive, CA=closed archive, TAMS=top-at-mark-start (previous, next)
|   0|0x0000000085000000, 0x0000000085000000, 0x0000000085100000|  0%| F|  |TAMS 0x0000000085000000, 0x0000000085000000| Untracked 
|   1|0x0000000085100000, 0x0000000085100000, 0x0000000085200000|  0%| F|  |TAMS 0x0000000085100000, 0x0000000085100000| Untracked 
|   2|0x0000000085200000, 0x0000000085200000, 0x0000000085300000|  0%| F|  |TAMS 0x0000000085200000, 0x0000000085200000| Untracked 
|   3|0x0000000085300000, 0x0000000085300000, 0x0000000085400000|  0%| F|  |TAMS 0x0000000085300000, 0x0000000085300000| Untracked 
|   4|0x0000000085400000, 0x0000000085400000, 0x0000000085500000|  0%| F|  |TAMS 0x0000000085400000, 0x0000000085400000| Untracked 
|   5|0x0000000085500000, 0x0000000085500000, 0x0000000085600000|  0%| F|  |TAMS 0x0000000085500000, 0x0000000085500000| Untracked 
|   6|0x0000000085600000, 0x0000000085600000, 0x0000000085700000|  0%| F|  |TAMS 0x0000000085600000, 0x0000000085600000| Untracked 
|   7|0x0000000085700000, 0x0000000085700000, 0x0000000085800000|  0%| F|  |TAMS 0x0000000085700000, 0x0000000085700000| Untracked 
|   8|0x0000000085800000, 0x0000000085800000, 0x0000000085900000|  0%| F|  |TAMS 0x0000000085800000, 0x0000000085800000| Untracked 
|   9|0x0000000085900000, 0x0000000085900000, 0x0000000085a00000|  0%| F|  |TAMS 0x0000000085900000, 0x0000000085900000| Untracked 
|  10|0x0000000085a00000, 0x0000000085a00000, 0x0000000085b00000|  0%| F|  |TAMS 0x0000000085a00000, 0x0000000085a00000| Untracked 
|  11|0x0000000085b00000, 0x0000000085b00000, 0x0000000085c00000|  0%| F|  |TAMS 0x0000000085b00000, 0x0000000085b00000| Untracked 
|  12|0x0000000085c00000, 0x0000000085c00000, 0x0000000085d00000|  0%| F|  |TAMS 0x0000000085c00000, 0x0000000085c00000| Untracked 
|  13|0x0000000085d00000, 0x0000000085d00000, 0x0000000085e00000|  0%| F|  |TAMS 0x0000000085d00000, 0x0000000085d00000| Untracked 
|  14|0x0000000085e00000, 0x0000000085e00000, 0x0000000085f00000|  0%| F|  |TAMS 0x0000000085e00000, 0x0000000085e00000| Untracked 
|  15|0x0000000085f00000, 0x0000000085f00000, 0x0000000086000000|  0%| F|  |TAMS 0x0000000085f00000, 0x0000000085f00000| Untracked 
|  16|0x0000000086000000, 0x0000000086000000, 0x0000000086100000|  0%| F|  |TAMS 0x0000000086000000, 0x0000000086000000| Untracked 
|  17|0x0000000086100000, 0x0000000086100000, 0x0000000086200000|  0%| F|  |TAMS 0x0000000086100000, 0x0000000086100000| Untracked 
|  18|0x0000000086200000, 0x0000000086200000, 0x0000000086300000|  0%| F|  |TAMS 0x0000000086200000, 0x0000000086200000| Untracked 
|  19|0x0000000086300000, 0x0000000086300000, 0x0000000086400000|  0%| F|  |TAMS 0x0000000086300000, 0x0000000086300000| Untracked 
|  20|0x0000000086400000, 0x0000000086400000, 0x0000000086500000|  0%| F|  |TAMS 0x0000000086400000, 0x0000000086400000| Untracked 
|  21|0x0000000086500000, 0x0000000086500000, 0x0000000086600000|  0%| F|  |TAMS 0x0000000086500000, 0x0000000086500000| Untracked 
|  22|0x0000000086600000, 0x0000000086600000, 0x0000000086700000|  0%| F|  |TAMS 0x0000000086600000, 0x0000000086600000| Untracked 
|  23|0x0000000086700000, 0x0000000086700000, 0x0000000086800000|  0%| F|  |TAMS 0x0000000086700000, 0x0000000086700000| Untracked 
|  24|0x0000000086800000, 0x0000000086800000, 0x0000000086900000|  0%| F|  |TAMS 0x0000000086800000, 0x0000000086800000| Untracked 
|  25|0x0000000086900000, 0x0000000086900000, 0x0000000086a00000|  0%| F|  |TAMS 0x0000000086900000, 0x0000000086900000| Untracked 
|  26|0x0000000086a00000, 0x0000000086a00000, 0x0000000086b00000|  0%| F|  |TAMS 0x0000000086a00000, 0x0000000086a00000| Untracked 
|  27|0x0000000086b00000, 0x0000000086b00000, 0x0000000086c00000|  0%| F|  |TAMS 0x0000000086b00000, 0x0000000086b00000| Untracked 
|  28|0x0000000086c00000, 0x0000000086c00000, 0x0000000086d00000|  0%| F|  |TAMS 0x0000000086c00000, 0x0000000086c00000| Untracked 
|  29|0x0000000086d00000, 0x0000000086d00000, 0x0000000086e00000|  0%| F|  |TAMS 0x0000000086d00000, 0x0000000086d00000| Untracked 
|  30|0x0000000086e00000, 0x0000000086e00000, 0x0000000086f00000|  0%| F|  |TAMS 0x0000000086e00000, 0x0000000086e00000| Untracked 
|  31|0x0000000086f00000, 0x0000000086f00000, 0x0000000087000000|  0%| F|  |TAMS 0x0000000086f00000, 0x0000000086f00000| Untracked 
|  32|0x0000000087000000, 0x0000000087000000, 0x0000000087100000|  0%| F|  |TAMS 0x0000000087000000, 0x0000000087000000| Untracked 
|  33|0x0000000087100000, 0x0000000087100000, 0x0000000087200000|  0%| F|  |TAMS 0x0000000087100000, 0x0000000087100000| Untracked 
|  34|0x0000000087200000, 0x0000000087200000, 0x0000000087300000|  0%| F|  |TAMS 0x0000000087200000, 0x0000000087200000| Untracked 
|  35|0x0000000087300000, 0x0000000087300000, 0x0000000087400000|  0%| F|  |TAMS 0x0000000087300000, 0x0000000087300000| Untracked 
|  36|0x0000000087400000, 0x0000000087400000, 0x0000000087500000|  0%| F|  |TAMS 0x0000000087400000, 0x0000000087400000| Untracked 
|  37|0x0000000087500000, 0x0000000087500000, 0x0000000087600000|  0%| F|  |TAMS 0x0000000087500000, 0x0000000087500000| Untracked 
|  38|0x0000000087600000, 0x0000000087600000, 0x0000000087700000|  0%| F|  |TAMS 0x0000000087600000, 0x0000000087600000| Untracked 
|  39|0x0000000087700000, 0x0000000087700000, 0x0000000087800000|  0%| F|  |TAMS 0x0000000087700000, 0x0000000087700000| Untracked 
|  40|0x0000000087800000, 0x0000000087800000, 0x0000000087900000|  0%| F|  |TAMS 0x0000000087800000, 0x0000000087800000| Untracked 
|  41|0x0000000087900000, 0x0000000087900000, 0x0000000087a00000|  0%| F|  |TAMS 0x0000000087900000, 0x0000000087900000| Untracked 
|  42|0x0000000087a00000, 0x0000000087a00000, 0x0000000087b00000|  0%| F|  |TAMS 0x0000000087a00000, 0x0000000087a00000| Untracked 
|  43|0x0000000087b00000, 0x0000000087b00000, 0x0000000087c00000|  0%| F|  |TAMS 0x0000000087b00000, 0x0000000087b00000| Untracked 
|  44|0x0000000087c00000, 0x0000000087c00000, 0x0000000087d00000|  0%| F|  |TAMS 0x0000000087c00000, 0x0000000087c00000| Untracked 
|  45|0x0000000087d00000, 0x0000000087d00000, 0x0000000087e00000|  0%| F|  |TAMS 0x0000000087d00000, 0x0000000087d00000| Untracked 
|  46|0x0000000087e00000, 0x0000000087e00000, 0x0000000087f00000|  0%| F|  |TAMS 0x0000000087e00000, 0x0000000087e00000| Untracked 
|  47|0x0000000087f00000, 0x0000000087f00000, 0x0000000088000000|  0%| F|  |TAMS 0x0000000087f00000, 0x0000000087f00000| Untracked 
|  48|0x0000000088000000, 0x0000000088000000, 0x0000000088100000|  0%| F|  |TAMS 0x0000000088000000, 0x0000000088000000| Untracked 
|  49|0x0000000088100000, 0x0000000088100000, 0x0000000088200000|  0%| F|  |TAMS 0x0000000088100000, 0x0000000088100000| Untracked 
|  50|0x0000000088200000, 0x0000000088200000, 0x0000000088300000|  0%| F|  |TAMS 0x0000000088200000, 0x0000000088200000| Untracked 
|  51|0x0000000088300000, 0x0000000088300000, 0x0000000088400000|  0%| F|  |TAMS 0x0000000088300000, 0x0000000088300000| Untracked 
|  52|0x0000000088400000, 0x0000000088400000, 0x0000000088500000|  0%| F|  |TAMS 0x0000000088400000, 0x0000000088400000| Untracked 
|  53|0x0000000088500000, 0x0000000088500000, 0x0000000088600000|  0%| F|  |TAMS 0x0000000088500000, 0x0000000088500000| Untracked 
|  54|0x0000000088600000, 0x0000000088600000, 0x0000000088700000|  0%| F|  |TAMS 0x0000000088600000, 0x0000000088600000| Untracked 
|  55|0x0000000088700000, 0x0000000088700000, 0x0000000088800000|  0%| F|  |TAMS 0x0000000088700000, 0x0000000088700000| Untracked 
|  56|0x0000000088800000, 0x0000000088800000, 0x0000000088900000|  0%| F|  |TAMS 0x0000000088800000, 0x0000000088800000| Untracked 
|  57|0x0000000088900000, 0x0000000088900000, 0x0000000088a00000|  0%| F|  |TAMS 0x0000000088900000, 0x0000000088900000| Untracked 
|  58|0x0000000088a00000, 0x0000000088a00000, 0x0000000088b00000|  0%| F|  |TAMS 0x0000000088a00000, 0x0000000088a00000| Untracked 
|  59|0x0000000088b00000, 0x0000000088b00000, 0x0000000088c00000|  0%| F|  |TAMS 0x0000000088b00000, 0x0000000088b00000| Untracked 
|  60|0x0000000088c00000, 0x0000000088c00000, 0x0000000088d00000|  0%| F|  |TAMS 0x0000000088c00000, 0x0000000088c00000| Untracked 
|  61|0x0000000088d00000, 0x0000000088d00000, 0x0000000088e00000|  0%| F|  |TAMS 0x0000000088d00000, 0x0000000088d00000| Untracked 
|  62|0x0000000088e00000, 0x0000000088e00000, 0x0000000088f00000|  0%| F|  |TAMS 0x0000000088e00000, 0x0000000088e00000| Untracked 
|  63|0x0000000088f00000, 0x0000000088f00000, 0x0000000089000000|  0%| F|  |TAMS 0x0000000088f00000, 0x0000000088f00000| Untracked 
|  64|0x0000000089000000, 0x0000000089000000, 0x0000000089100000|  0%| F|  |TAMS 0x0000000089000000, 0x0000000089000000| Untracked 
|  65|0x0000000089100000, 0x0000000089100000, 0x0000000089200000|  0%| F|  |TAMS 0x0000000089100000, 0x0000000089100000| Untracked 
|  66|0x0000000089200000, 0x0000000089200000, 0x0000000089300000|  0%| F|  |TAMS 0x0000000089200000, 0x0000000089200000| Untracked 
|  67|0x0000000089300000, 0x0000000089300000, 0x0000000089400000|  0%| F|  |TAMS 0x0000000089300000, 0x0000000089300000| Untracked 
|  68|0x0000000089400000, 0x0000000089400000, 0x0000000089500000|  0%| F|  |TAMS 0x0000000089400000, 0x0000000089400000| Untracked 
|  69|0x0000000089500000, 0x0000000089500000, 0x0000000089600000|  0%| F|  |TAMS 0x0000000089500000, 0x0000000089500000| Untracked 
|  70|0x0000000089600000, 0x0000000089600000, 0x0000000089700000|  0%| F|  |TAMS 0x0000000089600000, 0x0000000089600000| Untracked 
|  71|0x0000000089700000, 0x0000000089700000, 0x0000000089800000|  0%| F|  |TAMS 0x0000000089700000, 0x0000000089700000| Untracked 
|  72|0x0000000089800000, 0x0000000089800000, 0x0000000089900000|  0%| F|  |TAMS 0x0000000089800000, 0x0000000089800000| Untracked 
|  73|0x0000000089900000, 0x0000000089900000, 0x0000000089a00000|  0%| F|  |TAMS 0x0000000089900000, 0x0000000089900000| Untracked 
|  74|0x0000000089a00000, 0x0000000089a00000, 0x0000000089b00000|  0%| F|  |TAMS 0x0000000089a00000, 0x0000000089a00000| Untracked 
|  75|0x0000000089b00000, 0x0000000089b00000, 0x0000000089c00000|  0%| F|  |TAMS 0x0000000089b00000, 0x0000000089b00000| Untracked 
|  76|0x0000000089c00000, 0x0000000089c00000, 0x0000000089d00000|  0%| F|  |TAMS 0x0000000089c00000, 0x0000000089c00000| Untracked 
|  77|0x0000000089d00000, 0x0000000089d00000, 0x0000000089e00000|  0%| F|  |TAMS 0x0000000089d00000, 0x0000000089d00000| Untracked 
|  78|0x0000000089e00000, 0x0000000089e00000, 0x0000000089f00000|  0%| F|  |TAMS 0x0000000089e00000, 0x0000000089e00000| Untracked 
|  79|0x0000000089f00000, 0x0000000089f00000, 0x000000008a000000|  0%| F|  |TAMS 0x0000000089f00000, 0x0000000089f00000| Untracked 
|  80|0x000000008a000000, 0x000000008a000000, 0x000000008a100000|  0%| F|  |TAMS 0x000000008a000000, 0x000000008a000000| Untracked 
|  81|0x000000008a100000, 0x000000008a100000, 0x000000008a200000|  0%| F|  |TAMS 0x000000008a100000, 0x000000008a100000| Untracked 
|  82|0x000000008a200000, 0x000000008a200000, 0x000000008a300000|  0%| F|  |TAMS 0x000000008a200000, 0x000000008a200000| Untracked 
|  83|0x000000008a300000, 0x000000008a300000, 0x000000008a400000|  0%| F|  |TAMS 0x000000008a300000, 0x000000008a300000| Untracked 
|  84|0x000000008a400000, 0x000000008a400000, 0x000000008a500000|  0%| F|  |TAMS 0x000000008a400000, 0x000000008a400000| Untracked 
|  85|0x000000008a500000, 0x000000008a500000, 0x000000008a600000|  0%| F|  |TAMS 0x000000008a500000, 0x000000008a500000| Untracked 
|  86|0x000000008a600000, 0x000000008a600000, 0x000000008a700000|  0%| F|  |TAMS 0x000000008a600000, 0x000000008a600000| Untracked 
|  87|0x000000008a700000, 0x000000008a700000, 0x000000008a800000|  0%| F|  |TAMS 0x000000008a700000, 0x000000008a700000| Untracked 
|  88|0x000000008a800000, 0x000000008a800000, 0x000000008a900000|  0%| F|  |TAMS 0x000000008a800000, 0x000000008a800000| Untracked 
|  89|0x000000008a900000, 0x000000008a900000, 0x000000008aa00000|  0%| F|  |TAMS 0x000000008a900000, 0x000000008a900000| Untracked 
|  90|0x000000008aa00000, 0x000000008aa00000, 0x000000008ab00000|  0%| F|  |TAMS 0x000000008aa00000, 0x000000008aa00000| Untracked 
|  91|0x000000008ab00000, 0x000000008ab00000, 0x000000008ac00000|  0%| F|  |TAMS 0x000000008ab00000, 0x000000008ab00000| Untracked 
|  92|0x000000008ac00000, 0x000000008ac00000, 0x000000008ad00000|  0%| F|  |TAMS 0x000000008ac00000, 0x000000008ac00000| Untracked 
|  93|0x000000008ad00000, 0x000000008ad00000, 0x000000008ae00000|  0%| F|  |TAMS 0x000000008ad00000, 0x000000008ad00000| Untracked 
|  94|0x000000008ae00000, 0x000000008ae00000, 0x000000008af00000|  0%| F|  |TAMS 0x000000008ae00000, 0x000000008ae00000| Untracked 
|  95|0x000000008af00000, 0x000000008af00000, 0x000000008b000000|  0%| F|  |TAMS 0x000000008af00000, 0x000000008af00000| Untracked 
|  96|0x000000008b000000, 0x000000008b000000, 0x000000008b100000|  0%| F|  |TAMS 0x000000008b000000, 0x000000008b000000| Untracked 
|  97|0x000000008b100000, 0x000000008b100000, 0x000000008b200000|  0%| F|  |TAMS 0x000000008b100000, 0x000000008b100000| Untracked 
|  98|0x000000008b200000, 0x000000008b200000, 0x000000008b300000|  0%| F|  |TAMS 0x000000008b200000, 0x000000008b200000| Untracked 
|  99|0x000000008b300000, 0x000000008b300000, 0x000000008b400000|  0%| F|  |TAMS 0x000000008b300000, 0x000000008b300000| Untracked 
| 100|0x000000008b400000, 0x000000008b400000, 0x000000008b500000|  0%| F|  |TAMS 0x000000008b400000, 0x000000008b400000| Untracked 
| 101|0x000000008b500000, 0x000000008b500000, 0x000000008b600000|  0%| F|  |TAMS 0x000000008b500000, 0x000000008b500000| Untracked 
| 102|0x000000008b600000, 0x000000008b600000, 0x000000008b700000|  0%| F|  |TAMS 0x000000008b600000, 0x000000008b600000| Untracked 
| 103|0x000000008b700000, 0x000000008b700000, 0x000000008b800000|  0%| F|  |TAMS 0x000000008b700000, 0x000000008b700000| Untracked 
| 104|0x000000008b800000, 0x000000008b800000, 0x000000008b900000|  0%| F|  |TAMS 0x000000008b800000, 0x000000008b800000| Untracked 
| 105|0x000000008b900000, 0x000000008b900000, 0x000000008ba00000|  0%| F|  |TAMS 0x000000008b900000, 0x000000008b900000| Untracked 
| 106|0x000000008ba00000, 0x000000008ba00000, 0x000000008bb00000|  0%| F|  |TAMS 0x000000008ba00000, 0x000000008ba00000| Untracked 
| 107|0x000000008bb00000, 0x000000008bb00000, 0x000000008bc00000|  0%| F|  |TAMS 0x000000008bb00000, 0x000000008bb00000| Untracked 
| 108|0x000000008bc00000, 0x000000008bc00000, 0x000000008bd00000|  0%| F|  |TAMS 0x000000008bc00000, 0x000000008bc00000| Untracked 
| 109|0x000000008bd00000, 0x000000008bd00000, 0x000000008be00000|  0%| F|  |TAMS 0x000000008bd00000, 0x000000008bd00000| Untracked 
| 110|0x000000008be00000, 0x000000008be00000, 0x000000008bf00000|  0%| F|  |TAMS 0x000000008be00000, 0x000000008be00000| Untracked 
| 111|0x000000008bf00000, 0x000000008bf00000, 0x000000008c000000|  0%| F|  |TAMS 0x000000008bf00000, 0x000000008bf00000| Untracked 
| 112|0x000000008c000000, 0x000000008c000000, 0x000000008c100000|  0%| F|  |TAMS 0x000000008c000000, 0x000000008c000000| Untracked 
| 113|0x000000008c100000, 0x000000008c100000, 0x000000008c200000|  0%| F|  |TAMS 0x000000008c100000, 0x000000008c100000| Untracked 
| 114|0x000000008c200000, 0x000000008c200000, 0x000000008c300000|  0%| F|  |TAMS 0x000000008c200000, 0x000000008c200000| Untracked 
| 115|0x000000008c300000, 0x000000008c300000, 0x000000008c400000|  0%| F|  |TAMS 0x000000008c300000, 0x000000008c300000| Untracked 
| 116|0x000000008c400000, 0x000000008c400000, 0x000000008c500000|  0%| F|  |TAMS 0x000000008c400000, 0x000000008c400000| Untracked 
| 117|0x000000008c500000, 0x000000008c500000, 0x000000008c600000|  0%| F|  |TAMS 0x000000008c500000, 0x000000008c500000| Untracked 
| 118|0x000000008c600000, 0x000000008c600000, 0x000000008c700000|  0%| F|  |TAMS 0x000000008c600000, 0x000000008c600000| Untracked 
| 119|0x000000008c700000, 0x000000008c7f3160, 0x000000008c800000| 94%| E|  |TAMS 0x000000008c700000, 0x000000008c700000| Complete 
| 120|0x000000008c800000, 0x000000008c900000, 0x000000008c900000|100%| E|CS|TAMS 0x000000008c800000, 0x000000008c800000| Complete 
| 121|0x000000008c900000, 0x000000008ca00000, 0x000000008ca00000|100%| E|CS|TAMS 0x000000008c900000, 0x000000008c900000| Complete 
| 122|0x000000008ca00000, 0x000000008cb00000, 0x000000008cb00000|100%| E|CS|TAMS 0x000000008ca00000, 0x000000008ca00000| Complete 
| 123|0x000000008cb00000, 0x000000008cc00000, 0x000000008cc00000|100%| E|CS|TAMS 0x000000008cb00000, 0x000000008cb00000| Complete 
|1966|0x00000000ffe00000, 0x00000000ffe7f000, 0x00000000fff00000| 49%|OA|  |TAMS 0x00000000ffe00000, 0x00000000ffe00000| Untracked 
|1967|0x00000000fff00000, 0x00000000fff85000, 0x0000000100000000| 51%|CA|  |TAMS 0x00000000fff00000, 0x00000000fff00000| Untracked 

Card table byte_map: [0x00007f0b341a2000,0x00007f0b3457a000] _byte_map_base: 0x00007f0b33d7a000

Marking Bits (Prev, Next): (CMBitMap*) 0x00007f0b30080620, (CMBitMap*) 0x00007f0b30080660
 Prev Bits: [0x00007f0b15e30000, 0x00007f0b17cf0000)
 Next Bits: [0x00007f0b13f70000, 0x00007f0b15e30000)

Polling page: 0x00007f0b378ec000

Metaspace:

Usage:
  Non-class:      2,67 MB used.
      Class:    292,85 KB used.
       Both:      2,95 MB used.

Virtual space:
  Non-class space:        8,00 MB reserved,       2,69 MB ( 34%) committed,  1 nodes.
      Class space:        1,00 GB reserved,     384,00 KB ( <1%) committed,  1 nodes.
             Both:        1,01 GB reserved,       3,06 MB ( <1%) committed. 

Chunk freelists:
   Non-Class:  3,75 MB
       Class:  3,59 MB
        Both:  7,34 MB

MaxMetaspaceSize: unlimited
CompressedClassSpaceSize: 1,00 GB
Initial GC threshold: 21,00 MB
Current GC threshold: 21,00 MB
CDS: on
MetaspaceReclaimPolicy: balanced
 - commit_granule_bytes: 65536.
 - commit_granule_words: 8192.
 - virtual_space_node_default_size: 1048576.
 - enlarge_chunks_in_place: 1.
 - new_chunks_are_fully_committed: 0.
 - uncommit_free_chunks: 1.
 - use_allocation_guard: 0.
 - handle_deallocations: 1.


Internal statistics:

num_allocs_failed_limit: 0.
num_arena_births: 12.
num_arena_deaths: 0.
num_vsnodes_births: 2.
num_vsnodes_deaths: 0.
num_space_committed: 49.
num_space_uncommitted: 0.
num_chunks_returned_to_freelist: 0.
num_chunks_taken_from_freelist: 31.
num_chunk_merges: 0.
num_chunk_splits: 18.
num_chunks_enlarged: 15.
num_purges: 0.
num_inconsistent_stats: 0.

CodeHeap 'non-profiled nmethods': size=120028Kb used=107Kb max_used=107Kb free=119920Kb
 bounds [0x00007f0b1fb91000, 0x00007f0b1fe01000, 0x00007f0b270c8000]
CodeHeap 'profiled nmethods': size=120028Kb used=589Kb max_used=589Kb free=119438Kb
 bounds [0x00007f0b1865a000, 0x00007f0b188ca000, 0x00007f0b1fb91000]
CodeHeap 'non-nmethods': size=5704Kb used=1180Kb max_used=1197Kb free=4523Kb
 bounds [0x00007f0b180c8000, 0x00007f0b18338000, 0x00007f0b1865a000]
 total_blobs=776 nmethods=364 adapters=327
 compilation: enabled
              stopped_count=0, restarted_count=0
 full_count=0

Compilation events (20 events):
Event: 0,396 Thread 0x00007f0b30144050 nmethod 356 0x00007f0b186e8910 code [0x00007f0b186e8ac0, 0x00007f0b186e8c00]
Event: 0,397 Thread 0x00007f0b30144050  357       3       sun.security.x509.X509CertImpl::getEncodedInternal (22 bytes)
Event: 0,397 Thread 0x00007f0b30144050 nmethod 357 0x00007f0b186e8c90 code [0x00007f0b186e8e40, 0x00007f0b186e9020]
Event: 0,398 Thread 0x00007f0b30144050  358       3       java.util.Arrays::equals (43 bytes)
Event: 0,398 Thread 0x00007f0b30144050 nmethod 358 0x00007f0b186e9110 code [0x00007f0b186e92e0, 0x00007f0b186e95e0]
Event: 0,400 Thread 0x00007f0b30144050  359       3       sun.security.x509.X509CertImpl::getEncodedInternal (20 bytes)
Event: 0,400 Thread 0x00007f0b30144050 nmethod 359 0x00007f0b186e9710 code [0x00007f0b186e9940, 0x00007f0b186ea140]
Event: 0,400 Thread 0x00007f0b30144050  360   !   3       java.security.cert.Certificate::equals (38 bytes)
Event: 0,401 Thread 0x00007f0b30144050 nmethod 360 0x00007f0b186ea390 code [0x00007f0b186ea6a0, 0x00007f0b186eb9e0]
Event: 0,401 Thread 0x00007f0b30144050  361       1       java.util.zip.ZipCoder$UTF8ZipCoder::isUTF8 (2 bytes)
Event: 0,401 Thread 0x00007f0b30144050 nmethod 361 0x00007f0b1fbaa990 code [0x00007f0b1fbaab20, 0x00007f0b1fbaabf0]
Event: 0,412 Thread 0x00007f0b30142b20 nmethod 347 0x00007f0b1fbaac90 code [0x00007f0b1fbaae40, 0x00007f0b1fbab958]
Event: 54,502 Thread 0x00007f0b30144050  362       3       java.lang.StringUTF16::compress (50 bytes)
Event: 54,503 Thread 0x00007f0b30144050 nmethod 362 0x00007f0b186ec190 code [0x00007f0b186ec340, 0x00007f0b186ec590]
Event: 94,072 Thread 0x00007f0b30144050  363       3       org.eclipse.jdt.launching.internal.org.objectweb.asm.ClassReader::readUnsignedShort (26 bytes)
Event: 94,073 Thread 0x00007f0b30144050 nmethod 363 0x00007f0b186ec710 code [0x00007f0b186ec8c0, 0x00007f0b186eca30]
Event: 94,073 Thread 0x00007f0b30144050  365       3       java.lang.String::hashCode (60 bytes)
Event: 94,078 Thread 0x00007f0b30144050 nmethod 365 0x00007f0b186ecb10 code [0x00007f0b186ecce0, 0x00007f0b186ed050]
Event: 94,078 Thread 0x00007f0b30144050  364       3       java.lang.StringUTF16::getChar (60 bytes)
Event: 94,078 Thread 0x00007f0b30144050 nmethod 364 0x00007f0b186ed110 code [0x00007f0b186ed2c0, 0x00007f0b186ed430]

GC Heap History (0 events):
No events

Deoptimization events (20 events):
Event: 0,390 Thread 0x00007f0b300262f0 DEOPT PACKING pc=0x00007f0b186ce8dc sp=0x00007f0b35ccbf30
Event: 0,390 Thread 0x00007f0b300262f0 DEOPT UNPACKING pc=0x00007f0b1811a82f sp=0x00007f0b35ccb3b8 mode 0
Event: 0,392 Thread 0x00007f0b300262f0 DEOPT PACKING pc=0x00007f0b186ce8dc sp=0x00007f0b35ccabc0
Event: 0,392 Thread 0x00007f0b300262f0 DEOPT UNPACKING pc=0x00007f0b1811a82f sp=0x00007f0b35cca048 mode 0
Event: 0,395 Thread 0x00007f0b300262f0 DEOPT PACKING pc=0x00007f0b186ce8dc sp=0x00007f0b35ccbe60
Event: 0,395 Thread 0x00007f0b300262f0 DEOPT UNPACKING pc=0x00007f0b1811a82f sp=0x00007f0b35ccb2e8 mode 0
Event: 0,396 Thread 0x00007f0b300262f0 DEOPT PACKING pc=0x00007f0b186ce8dc sp=0x00007f0b35ccbf20
Event: 0,396 Thread 0x00007f0b300262f0 DEOPT UNPACKING pc=0x00007f0b1811a82f sp=0x00007f0b35ccb3a8 mode 0
Event: 0,402 Thread 0x00007f0b300262f0 DEOPT PACKING pc=0x00007f0b186ce8dc sp=0x00007f0b35cca840
Event: 0,402 Thread 0x00007f0b300262f0 DEOPT UNPACKING pc=0x00007f0b1811a82f sp=0x00007f0b35cc9cc8 mode 0
Event: 0,403 Thread 0x00007f0b300262f0 DEOPT PACKING pc=0x00007f0b186ce8dc sp=0x00007f0b35cca840
Event: 0,403 Thread 0x00007f0b300262f0 DEOPT UNPACKING pc=0x00007f0b1811a82f sp=0x00007f0b35cc9cc8 mode 0
Event: 94,072 Thread 0x00007f0b301c3f30 Uncommon trap: trap_request=0xffffff45 fr.pc=0x00007f0b1fb9a2ec relative=0x00000000000001cc
Event: 94,072 Thread 0x00007f0b301c3f30 Uncommon trap: reason=unstable_if action=reinterpret pc=0x00007f0b1fb9a2ec method=java.lang.String.isLatin1()Z @ 10 c2
Event: 94,072 Thread 0x00007f0b301c3f30 DEOPT PACKING pc=0x00007f0b1fb9a2ec sp=0x00007f0af314d7a0
Event: 94,072 Thread 0x00007f0b301c3f30 DEOPT UNPACKING pc=0x00007f0b1811a099 sp=0x00007f0af314d6f8 mode 2
Event: 94,072 Thread 0x00007f0b301c3f30 Uncommon trap: trap_request=0xffffff45 fr.pc=0x00007f0b1fb9dc80 relative=0x0000000000000060
Event: 94,072 Thread 0x00007f0b301c3f30 Uncommon trap: reason=unstable_if action=reinterpret pc=0x00007f0b1fb9dc80 method=java.lang.String.isLatin1()Z @ 10 c2
Event: 94,072 Thread 0x00007f0b301c3f30 DEOPT PACKING pc=0x00007f0b1fb9dc80 sp=0x00007f0af314d740
Event: 94,072 Thread 0x00007f0b301c3f30 DEOPT UNPACKING pc=0x00007f0b1811a099 sp=0x00007f0af314d700 mode 2

Classes unloaded (0 events):
No events

Classes redefined (2 events):
Event: 54,504 Thread 0x00007f0b30133df0 redefined class name=hw03.task01, count=1
Event: 94,075 Thread 0x00007f0b30133df0 redefined class name=hw03.task01, count=2

Internal exceptions (1 events):
Event: 0,093 Thread 0x00007f0b300262f0 Exception <a 'java/lang/NoSuchMethodError'{0x000000008cb628f8}: 'void java.lang.invoke.DirectMethodHandle$Holder.invokeVirtual(java.lang.Object, java.lang.Object)'> (0x000000008cb628f8) 
thrown [src/hotspot/share/interpreter/linkResolver.cpp, line 766]

VM Operations (20 events):
Event: 0,205 Executing VM operation: ChangeBreakpoints done
Event: 1,205 Executing VM operation: Cleanup
Event: 1,205 Executing VM operation: Cleanup done
Event: 54,503 Executing VM operation: RedefineClasses
Event: 54,506 Executing VM operation: RedefineClasses done
Event: 94,074 Executing VM operation: RedefineClasses
Event: 94,078 Executing VM operation: RedefineClasses done
Event: 126,324 Executing VM operation: ChangeBreakpoints
Event: 126,324 Executing VM operation: ChangeBreakpoints done
Event: 133,353 Executing VM operation: ChangeBreakpoints
Event: 133,353 Executing VM operation: ChangeBreakpoints done
Event: 134,041 Executing VM operation: ChangeBreakpoints
Event: 134,041 Executing VM operation: ChangeBreakpoints done
Event: 134,568 Executing VM operation: ChangeBreakpoints
Event: 134,568 Executing VM operation: ChangeBreakpoints done
Event: 135,178 Executing VM operation: ChangeBreakpoints
Event: 135,178 Executing VM operation: ChangeBreakpoints done
Event: 139,138 Executing VM operation: ChangeBreakpoints
Event: 139,138 Executing VM operation: ChangeBreakpoints done
Event: 179,771 Executing VM operation: ChangeBreakpoints

Events (20 events):
Event: 0,381 loading class jdk/internal/reflect/Label
Event: 0,381 loading class jdk/internal/reflect/Label done
Event: 0,381 loading class jdk/internal/reflect/Label$PatchInfo
Event: 0,381 loading class jdk/internal/reflect/Label$PatchInfo done
Event: 0,381 loading class jdk/internal/reflect/MethodAccessorGenerator$1
Event: 0,381 loading class jdk/internal/reflect/MethodAccessorGenerator$1 done
Event: 0,381 loading class jdk/internal/reflect/ClassDefiner
Event: 0,381 loading class jdk/internal/reflect/ClassDefiner done
Event: 0,381 loading class jdk/internal/reflect/ClassDefiner$1
Event: 0,381 loading class jdk/internal/reflect/ClassDefiner$1 done
Event: 0,381 loading class jdk/internal/reflect/BootstrapConstructorAccessorImpl
Event: 0,381 loading class jdk/internal/reflect/BootstrapConstructorAccessorImpl done
Event: 0,403 loading class java/lang/IllegalStateException
Event: 0,403 loading class java/lang/IllegalStateException done
Event: 0,404 loading class java/lang/WeakPairMap$Pair$Weak
Event: 0,404 loading class java/lang/WeakPairMap$WeakRefPeer
Event: 0,404 loading class java/lang/WeakPairMap$WeakRefPeer done
Event: 0,404 loading class java/lang/WeakPairMap$Pair$Weak done
Event: 0,404 loading class java/lang/WeakPairMap$Pair$Weak$1
Event: 0,404 loading class java/lang/WeakPairMap$Pair$Weak$1 done


Dynamic libraries:
85000000-8cc00000 rw-p 00000000 00:00 0 
8cc00000-ffe00000 ---p 00000000 00:00 0 
ffe00000-ffe7f000 rw-p 00ca8000 08:06 6686210                            /usr/lib/jvm/bellsoft-java17-full-amd64/lib/server/classes.jsa
ffe7f000-fff00000 rw-p 00000000 00:00 0 
fff00000-fff85000 rw-p 00c23000 08:06 6686210                            /usr/lib/jvm/bellsoft-java17-full-amd64/lib/server/classes.jsa
fff85000-100000000 rw-p 00000000 00:00 0 
800000000-800bea000 rw-p 00001000 08:06 6686210                          /usr/lib/jvm/bellsoft-java17-full-amd64/lib/server/classes.jsa
800bea000-800c00000 ---p 00000000 00:00 0 
800c00000-800c10000 rw-p 00000000 00:00 0 
800c10000-800c20000 ---p 00000000 00:00 0 
800c20000-800c30000 rw-p 00000000 00:00 0 
800c30000-800c40000 ---p 00000000 00:00 0 
800c40000-800c80000 rw-p 00000000 00:00 0 
800c80000-840c00000 ---p 00000000 00:00 0 
55eabf000000-55eabf001000 r-xp 00000000 08:06 6423143                    /usr/lib/jvm/bellsoft-java17-full-amd64/bin/java
55eabf201000-55eabf202000 r--p 00001000 08:06 6423143                    /usr/lib/jvm/bellsoft-java17-full-amd64/bin/java
55eabf202000-55eabf203000 rw-p 00002000 08:06 6423143                    /usr/lib/jvm/bellsoft-java17-full-amd64/bin/java
55eabfa6f000-55eabfa90000 rw-p 00000000 00:00 0                          [heap]
7f0ab8000000-7f0ab8021000 rw-p 00000000 00:00 0 
7f0ab8021000-7f0abc000000 ---p 00000000 00:00 0 
7f0ac0000000-7f0ac0021000 rw-p 00000000 00:00 0 
7f0ac0021000-7f0ac4000000 ---p 00000000 00:00 0 
7f0ac4000000-7f0ac4021000 rw-p 00000000 00:00 0 
7f0ac4021000-7f0ac8000000 ---p 00000000 00:00 0 
7f0ac8000000-7f0ac8021000 rw-p 00000000 00:00 0 
7f0ac8021000-7f0acc000000 ---p 00000000 00:00 0 
7f0acc000000-7f0acc021000 rw-p 00000000 00:00 0 
7f0acc021000-7f0ad0000000 ---p 00000000 00:00 0 
7f0ad0000000-7f0ad0021000 rw-p 00000000 00:00 0 
7f0ad0021000-7f0ad4000000 ---p 00000000 00:00 0 
7f0ad4000000-7f0ad4021000 rw-p 00000000 00:00 0 
7f0ad4021000-7f0ad8000000 ---p 00000000 00:00 0 
7f0ad8000000-7f0ad8283000 rw-p 00000000 00:00 0 
7f0ad8283000-7f0adc000000 ---p 00000000 00:00 0 
7f0adc000000-7f0adc205000 rw-p 00000000 00:00 0 
7f0adc205000-7f0ae0000000 ---p 00000000 00:00 0 
7f0ae0000000-7f0ae0021000 rw-p 00000000 00:00 0 
7f0ae0021000-7f0ae4000000 ---p 00000000 00:00 0 
7f0ae4000000-7f0ae4021000 rw-p 00000000 00:00 0 
7f0ae4021000-7f0ae8000000 ---p 00000000 00:00 0 
7f0ae8000000-7f0ae8021000 rw-p 00000000 00:00 0 
7f0ae8021000-7f0aec000000 ---p 00000000 00:00 0 
7f0aec000000-7f0aec021000 rw-p 00000000 00:00 0 
7f0aec021000-7f0af0000000 ---p 00000000 00:00 0 
7f0af243d000-7f0af2828000 rw-p 00000000 00:00 0 
7f0af2828000-7f0af2835000 r-xp 00000000 08:06 6686196                    /usr/lib/jvm/bellsoft-java17-full-amd64/lib/libverify.so
7f0af2835000-7f0af2a34000 ---p 0000d000 08:06 6686196                    /usr/lib/jvm/bellsoft-java17-full-amd64/lib/libverify.so
7f0af2a34000-7f0af2a36000 r--p 0000c000 08:06 6686196                    /usr/lib/jvm/bellsoft-java17-full-amd64/lib/libverify.so
7f0af2a36000-7f0af2a37000 rw-p 00000000 00:00 0 
7f0af2a3d000-7f0af2a3e000 ---p 00000000 00:00 0 
7f0af2a3e000-7f0af2b3f000 rw-p 00000000 00:00 0 
7f0af2b3f000-7f0af2b43000 ---p 00000000 00:00 0 
7f0af2b43000-7f0af2c40000 rw-p 00000000 00:00 0 
7f0af2c40000-7f0af2c47000 r-xp 00000000 08:06 6686197                    /usr/lib/jvm/bellsoft-java17-full-amd64/lib/libzip.so
7f0af2c47000-7f0af2e47000 ---p 00007000 08:06 6686197                    /usr/lib/jvm/bellsoft-java17-full-amd64/lib/libzip.so
7f0af2e47000-7f0af2e48000 r--p 00007000 08:06 6686197                    /usr/lib/jvm/bellsoft-java17-full-amd64/lib/libzip.so
7f0af2e48000-7f0af2e49000 rw-p 00000000 00:00 0 
7f0af2e4d000-7f0af2e51000 ---p 00000000 00:00 0 
7f0af2e51000-7f0af2f4e000 rw-p 00000000 00:00 0 
7f0af2f4e000-7f0af2f52000 ---p 00000000 00:00 0 
7f0af2f52000-7f0af304f000 rw-p 00000000 00:00 0 
7f0af304f000-7f0af3053000 ---p 00000000 00:00 0 
7f0af3053000-7f0af3150000 rw-p 00000000 00:00 0 
7f0af3150000-7f0af3155000 r-xp 00000000 08:06 6686151                    /usr/lib/jvm/bellsoft-java17-full-amd64/lib/libdt_socket.so
7f0af3155000-7f0af3354000 ---p 00005000 08:06 6686151                    /usr/lib/jvm/bellsoft-java17-full-amd64/lib/libdt_socket.so
7f0af3354000-7f0af3355000 r--p 00004000 08:06 6686151                    /usr/lib/jvm/bellsoft-java17-full-amd64/lib/libdt_socket.so
7f0af3355000-7f0af3356000 rw-p 00005000 08:06 6686151                    /usr/lib/jvm/bellsoft-java17-full-amd64/lib/libdt_socket.so
7f0af3357000-7f0af335b000 ---p 00000000 00:00 0 
7f0af335b000-7f0af3458000 rw-p 00000000 00:00 0 
7f0af3458000-7f0af346c000 r-xp 00000000 08:06 6686185                    /usr/lib/jvm/bellsoft-java17-full-amd64/lib/libnet.so
7f0af346c000-7f0af366c000 ---p 00014000 08:06 6686185                    /usr/lib/jvm/bellsoft-java17-full-amd64/lib/libnet.so
7f0af366c000-7f0af366d000 r--p 00014000 08:06 6686185                    /usr/lib/jvm/bellsoft-java17-full-amd64/lib/libnet.so
7f0af366d000-7f0af366e000 rw-p 00015000 08:06 6686185                    /usr/lib/jvm/bellsoft-java17-full-amd64/lib/libnet.so
7f0af3670000-7f0af3682000 r-xp 00000000 08:06 6686186                    /usr/lib/jvm/bellsoft-java17-full-amd64/lib/libnio.so
7f0af3682000-7f0af3881000 ---p 00012000 08:06 6686186                    /usr/lib/jvm/bellsoft-java17-full-amd64/lib/libnio.so
7f0af3881000-7f0af3882000 r--p 00011000 08:06 6686186                    /usr/lib/jvm/bellsoft-java17-full-amd64/lib/libnio.so
7f0af3882000-7f0af3883000 rw-p 00012000 08:06 6686186                    /usr/lib/jvm/bellsoft-java17-full-amd64/lib/libnio.so
7f0af3886000-7f0af388a000 ---p 00000000 00:00 0 
7f0af388a000-7f0af3987000 rw-p 00000000 00:00 0 
7f0af3987000-7f0af398b000 ---p 00000000 00:00 0 
7f0af398b000-7f0af3a88000 rw-p 00000000 00:00 0 
7f0af3a88000-7f0af3ffa000 r--p 00000000 08:06 6292071                    /usr/lib/locale/locale-archive
7f0af4000000-7f0af4021000 rw-p 00000000 00:00 0 
7f0af4021000-7f0af8000000 ---p 00000000 00:00 0 
7f0af8000000-7f0af8021000 rw-p 00000000 00:00 0 
7f0af8021000-7f0afc000000 ---p 00000000 00:00 0 
7f0afc000000-7f0afc021000 rw-p 00000000 00:00 0 
7f0afc021000-7f0b00000000 ---p 00000000 00:00 0 
7f0b00000000-7f0b00021000 rw-p 00000000 00:00 0 
7f0b00021000-7f0b04000000 ---p 00000000 00:00 0 
7f0b04000000-7f0b04021000 rw-p 00000000 00:00 0 
7f0b04021000-7f0b08000000 ---p 00000000 00:00 0 
7f0b08000000-7f0b08021000 rw-p 00000000 00:00 0 
7f0b08021000-7f0b0c000000 ---p 00000000 00:00 0 
7f0b0c000000-7f0b0c021000 rw-p 00000000 00:00 0 
7f0b0c021000-7f0b10000000 ---p 00000000 00:00 0 
7f0b1002b000-7f0b1002f000 ---p 00000000 00:00 0 
7f0b1002f000-7f0b1012c000 rw-p 00000000 00:00 0 
7f0b1012c000-7f0b10130000 ---p 00000000 00:00 0 
7f0b10130000-7f0b1022d000 rw-p 00000000 00:00 0 
7f0b1022d000-7f0b10231000 ---p 00000000 00:00 0 
7f0b10231000-7f0b1032e000 rw-p 00000000 00:00 0 
7f0b1032e000-7f0b10332000 ---p 00000000 00:00 0 
7f0b10332000-7f0b1042f000 rw-p 00000000 00:00 0 
7f0b1042f000-7f0b10433000 ---p 00000000 00:00 0 
7f0b10433000-7f0b10530000 rw-p 00000000 00:00 0 
7f0b10530000-7f0b105fe000 r-xp 00000000 08:06 6686179                    /usr/lib/jvm/bellsoft-java17-full-amd64/lib/libjsvml.so
7f0b105fe000-7f0b107fd000 ---p 000ce000 08:06 6686179                    /usr/lib/jvm/bellsoft-java17-full-amd64/lib/libjsvml.so
7f0b107fd000-7f0b107fe000 r--p 000cd000 08:06 6686179                    /usr/lib/jvm/bellsoft-java17-full-amd64/lib/libjsvml.so
7f0b107fe000-7f0b107ff000 rw-p 000ce000 08:06 6686179                    /usr/lib/jvm/bellsoft-java17-full-amd64/lib/libjsvml.so
7f0b10800000-7f0b10a70000 rw-p 00000000 00:00 0 
7f0b10a70000-7f0b10c00000 ---p 00000000 00:00 0 
7f0b10c00000-7f0b10c40000 rw-p 00000000 00:00 0 
7f0b10c40000-7f0b11000000 ---p 00000000 00:00 0 
7f0b11040000-7f0b11044000 ---p 00000000 00:00 0 
7f0b11044000-7f0b11141000 rw-p 00000000 00:00 0 
7f0b11141000-7f0b11142000 ---p 00000000 00:00 0 
7f0b11142000-7f0b11360000 rw-p 00000000 00:00 0 
7f0b11360000-7f0b11361000 ---p 00000000 00:00 0 
7f0b11361000-7f0b11462000 rw-p 00000000 00:00 0 
7f0b11462000-7f0b11463000 ---p 00000000 00:00 0 
7f0b11463000-7f0b13d6c000 rw-p 00000000 00:00 0 
7f0b13d6c000-7f0b13d6d000 ---p 00000000 00:00 0 
7f0b13d6d000-7f0b13e6e000 rw-p 00000000 00:00 0 
7f0b13e6e000-7f0b13e6f000 ---p 00000000 00:00 0 
7f0b13e6f000-7f0b14160000 rw-p 00000000 00:00 0 
7f0b14160000-7f0b15e28000 ---p 00000000 00:00 0 
7f0b15e28000-7f0b16020000 rw-p 00000000 00:00 0 
7f0b16020000-7f0b17ce8000 ---p 00000000 00:00 0 
7f0b17ce8000-7f0b17d2e000 rw-p 00000000 00:00 0 
7f0b17d2e000-7f0b180c7000 ---p 00000000 00:00 0 
7f0b180c7000-7f0b180c8000 rw-p 00000000 00:00 0 
7f0b180c8000-7f0b18338000 rwxp 00000000 00:00 0 
7f0b18338000-7f0b1865a000 ---p 00000000 00:00 0 
7f0b1865a000-7f0b188ca000 rwxp 00000000 00:00 0 
7f0b188ca000-7f0b1fb91000 ---p 00000000 00:00 0 
7f0b1fb91000-7f0b1fe01000 rwxp 00000000 00:00 0 
7f0b1fe01000-7f0b270c8000 ---p 00000000 00:00 0 
7f0b270c8000-7f0b30000000 r--s 00000000 08:06 6686201                    /usr/lib/jvm/bellsoft-java17-full-amd64/lib/modules
7f0b30000000-7f0b3039a000 rw-p 00000000 00:00 0 
7f0b3039a000-7f0b34000000 ---p 00000000 00:00 0 
7f0b34018000-7f0b3401f000 r--s 00000000 08:06 9875                       /usr/lib/x86_64-linux-gnu/gconv/gconv-modules.cache
7f0b34021000-7f0b34022000 ---p 00000000 00:00 0 
7f0b34022000-7f0b341e0000 rw-p 00000000 00:00 0 
7f0b341e0000-7f0b34579000 ---p 00000000 00:00 0 
7f0b34579000-7f0b345b8000 rw-p 00000000 00:00 0 
7f0b345b8000-7f0b34951000 ---p 00000000 00:00 0 
7f0b34951000-7f0b3515f000 rw-p 00000000 00:00 0 
7f0b3515f000-7f0b35245000 ---p 00000000 00:00 0 
7f0b35245000-7f0b3524a000 rw-p 00000000 00:00 0 
7f0b3524a000-7f0b35330000 ---p 00000000 00:00 0 
7f0b35330000-7f0b3533a000 r-xp 00000000 08:06 6686160                    /usr/lib/jvm/bellsoft-java17-full-amd64/lib/libinstrument.so
7f0b3533a000-7f0b35539000 ---p 0000a000 08:06 6686160                    /usr/lib/jvm/bellsoft-java17-full-amd64/lib/libinstrument.so
7f0b35539000-7f0b3553a000 r--p 00009000 08:06 6686160                    /usr/lib/jvm/bellsoft-java17-full-amd64/lib/libinstrument.so
7f0b3553a000-7f0b3553b000 rw-p 0000a000 08:06 6686160                    /usr/lib/jvm/bellsoft-java17-full-amd64/lib/libinstrument.so
7f0b35540000-7f0b35564000 r-xp 00000000 08:06 6686165                    /usr/lib/jvm/bellsoft-java17-full-amd64/lib/libjava.so
7f0b35564000-7f0b35763000 ---p 00024000 08:06 6686165                    /usr/lib/jvm/bellsoft-java17-full-amd64/lib/libjava.so
7f0b35763000-7f0b35764000 r--p 00023000 08:06 6686165                    /usr/lib/jvm/bellsoft-java17-full-amd64/lib/libjava.so
7f0b35764000-7f0b35765000 rw-p 00024000 08:06 6686165                    /usr/lib/jvm/bellsoft-java17-full-amd64/lib/libjava.so
7f0b35765000-7f0b35766000 rw-p 00000000 00:00 0 
7f0b35768000-7f0b357a6000 r-xp 00000000 08:06 6686172                    /usr/lib/jvm/bellsoft-java17-full-amd64/lib/libjdwp.so
7f0b357a6000-7f0b359a6000 ---p 0003e000 08:06 6686172                    /usr/lib/jvm/bellsoft-java17-full-amd64/lib/libjdwp.so
7f0b359a6000-7f0b359a7000 r--p 0003e000 08:06 6686172                    /usr/lib/jvm/bellsoft-java17-full-amd64/lib/libjdwp.so
7f0b359a7000-7f0b359a8000 rw-p 0003f000 08:06 6686172                    /usr/lib/jvm/bellsoft-java17-full-amd64/lib/libjdwp.so
7f0b359a8000-7f0b359a9000 rw-p 00000000 00:00 0 
7f0b359b0000-7f0b359cb000 r-xp 00000000 08:06 6686175                    /usr/lib/jvm/bellsoft-java17-full-amd64/lib/libjimage.so
7f0b359cb000-7f0b35bca000 ---p 0001b000 08:06 6686175                    /usr/lib/jvm/bellsoft-java17-full-amd64/lib/libjimage.so
7f0b35bca000-7f0b35bcc000 r--p 0001a000 08:06 6686175                    /usr/lib/jvm/bellsoft-java17-full-amd64/lib/libjimage.so
7f0b35bcc000-7f0b35bcd000 rw-p 0001c000 08:06 6686175                    /usr/lib/jvm/bellsoft-java17-full-amd64/lib/libjimage.so
7f0b35bcf000-7f0b35bd3000 ---p 00000000 00:00 0 
7f0b35bd3000-7f0b35cd0000 rw-p 00000000 00:00 0 
7f0b35cd0000-7f0b35cdd000 r--p 00000000 08:06 6295203                    /usr/lib/x86_64-linux-gnu/libm-2.31.so
7f0b35cdd000-7f0b35d84000 r-xp 0000d000 08:06 6295203                    /usr/lib/x86_64-linux-gnu/libm-2.31.so
7f0b35d84000-7f0b35e1d000 r--p 000b4000 08:06 6295203                    /usr/lib/x86_64-linux-gnu/libm-2.31.so
7f0b35e1d000-7f0b35e1e000 r--p 0014c000 08:06 6295203                    /usr/lib/x86_64-linux-gnu/libm-2.31.so
7f0b35e1e000-7f0b35e1f000 rw-p 0014d000 08:06 6295203                    /usr/lib/x86_64-linux-gnu/libm-2.31.so
7f0b35e28000-7f0b35e2b000 r--p 00000000 08:06 6295216                    /usr/lib/x86_64-linux-gnu/libnss_files-2.31.so
7f0b35e2b000-7f0b35e32000 r-xp 00003000 08:06 6295216                    /usr/lib/x86_64-linux-gnu/libnss_files-2.31.so
7f0b35e32000-7f0b35e34000 r--p 0000a000 08:06 6295216                    /usr/lib/x86_64-linux-gnu/libnss_files-2.31.so
7f0b35e34000-7f0b35e35000 r--p 0000b000 08:06 6295216                    /usr/lib/x86_64-linux-gnu/libnss_files-2.31.so
7f0b35e35000-7f0b35e36000 rw-p 0000c000 08:06 6295216                    /usr/lib/x86_64-linux-gnu/libnss_files-2.31.so
7f0b35e36000-7f0b35e3c000 rw-p 00000000 00:00 0 
7f0b35e40000-7f0b37129000 r-xp 00000000 08:06 6686213                    /usr/lib/jvm/bellsoft-java17-full-amd64/lib/server/libjvm.so
7f0b37129000-7f0b37328000 ---p 012e9000 08:06 6686213                    /usr/lib/jvm/bellsoft-java17-full-amd64/lib/server/libjvm.so
7f0b37328000-7f0b373e1000 r--p 012e8000 08:06 6686213                    /usr/lib/jvm/bellsoft-java17-full-amd64/lib/server/libjvm.so
7f0b373e1000-7f0b37416000 rw-p 013a1000 08:06 6686213                    /usr/lib/jvm/bellsoft-java17-full-amd64/lib/server/libjvm.so
7f0b37416000-7f0b3746f000 rw-p 00000000 00:00 0 
7f0b37470000-7f0b37492000 r--p 00000000 08:06 6295197                    /usr/lib/x86_64-linux-gnu/libc-2.31.so
7f0b37492000-7f0b3760a000 r-xp 00022000 08:06 6295197                    /usr/lib/x86_64-linux-gnu/libc-2.31.so
7f0b3760a000-7f0b37658000 r--p 0019a000 08:06 6295197                    /usr/lib/x86_64-linux-gnu/libc-2.31.so
7f0b37658000-7f0b3765c000 r--p 001e7000 08:06 6295197                    /usr/lib/x86_64-linux-gnu/libc-2.31.so
7f0b3765c000-7f0b3765e000 rw-p 001eb000 08:06 6295197                    /usr/lib/x86_64-linux-gnu/libc-2.31.so
7f0b3765e000-7f0b37662000 rw-p 00000000 00:00 0 
7f0b37668000-7f0b37669000 r--p 00000000 08:06 6295201                    /usr/lib/x86_64-linux-gnu/libdl-2.31.so
7f0b37669000-7f0b3766b000 r-xp 00001000 08:06 6295201                    /usr/lib/x86_64-linux-gnu/libdl-2.31.so
7f0b3766b000-7f0b3766c000 r--p 00003000 08:06 6295201                    /usr/lib/x86_64-linux-gnu/libdl-2.31.so
7f0b3766c000-7f0b3766d000 r--p 00003000 08:06 6295201                    /usr/lib/x86_64-linux-gnu/libdl-2.31.so
7f0b3766d000-7f0b3766e000 rw-p 00004000 08:06 6295201                    /usr/lib/x86_64-linux-gnu/libdl-2.31.so
7f0b37670000-7f0b37676000 r--p 00000000 08:06 6295227                    /usr/lib/x86_64-linux-gnu/libpthread-2.31.so
7f0b37676000-7f0b37687000 r-xp 00006000 08:06 6295227                    /usr/lib/x86_64-linux-gnu/libpthread-2.31.so
7f0b37687000-7f0b3768d000 r--p 00017000 08:06 6295227                    /usr/lib/x86_64-linux-gnu/libpthread-2.31.so
7f0b3768d000-7f0b3768e000 r--p 0001c000 08:06 6295227                    /usr/lib/x86_64-linux-gnu/libpthread-2.31.so
7f0b3768e000-7f0b3768f000 rw-p 0001d000 08:06 6295227                    /usr/lib/x86_64-linux-gnu/libpthread-2.31.so
7f0b3768f000-7f0b37693000 rw-p 00000000 00:00 0 
7f0b37698000-7f0b376a7000 r-xp 00000000 08:06 6686176                    /usr/lib/jvm/bellsoft-java17-full-amd64/lib/libjli.so
7f0b376a7000-7f0b378a7000 ---p 0000f000 08:06 6686176                    /usr/lib/jvm/bellsoft-java17-full-amd64/lib/libjli.so
7f0b378a7000-7f0b378a8000 r--p 0000f000 08:06 6686176                    /usr/lib/jvm/bellsoft-java17-full-amd64/lib/libjli.so
7f0b378a8000-7f0b378a9000 rw-p 00010000 08:06 6686176                    /usr/lib/jvm/bellsoft-java17-full-amd64/lib/libjli.so
7f0b378b0000-7f0b378b2000 r--p 00000000 08:06 6291820                    /usr/lib/x86_64-linux-gnu/libz.so.1.2.11
7f0b378b2000-7f0b378c3000 r-xp 00002000 08:06 6291820                    /usr/lib/x86_64-linux-gnu/libz.so.1.2.11
7f0b378c3000-7f0b378c9000 r--p 00013000 08:06 6291820                    /usr/lib/x86_64-linux-gnu/libz.so.1.2.11
7f0b378c9000-7f0b378ca000 ---p 00019000 08:06 6291820                    /usr/lib/x86_64-linux-gnu/libz.so.1.2.11
7f0b378ca000-7f0b378cb000 r--p 00019000 08:06 6291820                    /usr/lib/x86_64-linux-gnu/libz.so.1.2.11
7f0b378cb000-7f0b378cc000 rw-p 0001a000 08:06 6291820                    /usr/lib/x86_64-linux-gnu/libz.so.1.2.11
7f0b378cc000-7f0b378d1000 rw-p 00000000 00:00 0 
7f0b378d1000-7f0b378d8000 ---p 00000000 00:00 0 
7f0b378d8000-7f0b378e0000 rw-s 00000000 08:06 4063234                    /tmp/hsperfdata_misha/4655
7f0b378e0000-7f0b378e2000 r--p 00000000 08:06 6295231                    /usr/lib/x86_64-linux-gnu/librt-2.31.so
7f0b378e2000-7f0b378e6000 r-xp 00002000 08:06 6295231                    /usr/lib/x86_64-linux-gnu/librt-2.31.so
7f0b378e6000-7f0b378e8000 r--p 00006000 08:06 6295231                    /usr/lib/x86_64-linux-gnu/librt-2.31.so
7f0b378e8000-7f0b378e9000 r--p 00007000 08:06 6295231                    /usr/lib/x86_64-linux-gnu/librt-2.31.so
7f0b378e9000-7f0b378ea000 rw-p 00008000 08:06 6295231                    /usr/lib/x86_64-linux-gnu/librt-2.31.so
7f0b378ec000-7f0b378ed000 ---p 00000000 00:00 0 
7f0b378ed000-7f0b378ee000 r--p 00000000 00:00 0 
7f0b378ee000-7f0b378f0000 rw-p 00000000 00:00 0 
7f0b378f0000-7f0b378f1000 r--p 00000000 08:06 6295188                    /usr/lib/x86_64-linux-gnu/ld-2.31.so
7f0b378f1000-7f0b37914000 r-xp 00001000 08:06 6295188                    /usr/lib/x86_64-linux-gnu/ld-2.31.so
7f0b37914000-7f0b3791c000 r--p 00024000 08:06 6295188                    /usr/lib/x86_64-linux-gnu/ld-2.31.so
7f0b3791d000-7f0b3791e000 r--p 0002c000 08:06 6295188                    /usr/lib/x86_64-linux-gnu/ld-2.31.so
7f0b3791e000-7f0b3791f000 rw-p 0002d000 08:06 6295188                    /usr/lib/x86_64-linux-gnu/ld-2.31.so
7f0b3791f000-7f0b37920000 rw-p 00000000 00:00 0 
7f0b37920000-7f0b37921000 ---p 00000000 00:00 0 
7f0b37921000-7f0b37923000 rw-p 00000000 00:00 0 
7ffcf999c000-7ffcf99bd000 rw-p 00000000 00:00 0                          [stack]
7ffcf99f8000-7ffcf99fc000 r--p 00000000 00:00 0                          [vvar]
7ffcf99fc000-7ffcf99fe000 r-xp 00000000 00:00 0                          [vdso]
ffffffffff600000-ffffffffff601000 --xp 00000000 00:00 0                  [vsyscall]


VM Arguments:
jvm_args: -XX:+ShowCodeDetailsInExceptionMessages -agentlib:jdwp=transport=dt_socket,suspend=y,address=localhost:39339 -javaagent:/home/misha/eclipse2022/eclipse/configuration/org.eclipse.osgi/217/0/.cp/lib/javaagent-shaded.jar -Dfile.encoding=UTF-8 --module-path=/home/misha/Документы/git/top224JavaBMZ/bin -Djdk.module.main=top224JavaBMZ 
java_command: top224JavaBMZ/hw03.task01
java_class_path (initial): <not set>
Launcher Type: SUN_STANDARD

[Global flags]
     intx CICompilerCount                          = 4                                         {product} {ergonomic}
     uint ConcGCThreads                            = 2                                         {product} {ergonomic}
     uint G1ConcRefinementThreads                  = 8                                         {product} {ergonomic}
   size_t G1HeapRegionSize                         = 1048576                                   {product} {ergonomic}
    uintx GCDrainStackTargetSize                   = 64                                        {product} {ergonomic}
   size_t InitialHeapSize                          = 130023424                                 {product} {ergonomic}
   size_t MarkStackSize                            = 4194304                                   {product} {ergonomic}
   size_t MaxHeapSize                              = 2063597568                                {product} {ergonomic}
   size_t MaxNewSize                               = 1237319680                                {product} {ergonomic}
   size_t MinHeapDeltaBytes                        = 1048576                                   {product} {ergonomic}
   size_t MinHeapSize                              = 8388608                                   {product} {ergonomic}
    uintx NonNMethodCodeHeapSize                   = 5839372                                {pd product} {ergonomic}
    uintx NonProfiledCodeHeapSize                  = 122909434                              {pd product} {ergonomic}
    uintx ProfiledCodeHeapSize                     = 122909434                              {pd product} {ergonomic}
    uintx ReservedCodeCacheSize                    = 251658240                              {pd product} {ergonomic}
     bool SegmentedCodeCache                       = true                                      {product} {ergonomic}
     bool ShowCodeDetailsInExceptionMessages       = true                                   {manageable} {command line}
   size_t SoftMaxHeapSize                          = 2063597568                             {manageable} {ergonomic}
     bool UseCompressedClassPointers               = true                           {product lp64_product} {ergonomic}
     bool UseCompressedOops                        = true                           {product lp64_product} {ergonomic}
     bool UseG1GC                                  = true                                      {product} {ergonomic}

Logging:
Log output configuration:
 #0: stdout all=warning uptime,level,tags
 #1: stderr all=off uptime,level,tags

Environment Variables:
PATH=/home/misha/.local/bin:/usr/local/sbin:/usr/local/bin:/usr/sbin:/usr/bin:/sbin:/bin:/usr/games:/usr/local/games:/snap/bin
USERNAME=misha
SHELL=/bin/bash
DISPLAY=:0
LANG=ru_RU.UTF-8

Signal Handlers:
   SIGSEGV: crash_handler in libjvm.so, mask=11100100010111111101111111111110, flags=SA_RESTART|SA_SIGINFO
    SIGBUS: crash_handler in libjvm.so, mask=11100100010111111101111111111110, flags=SA_RESTART|SA_SIGINFO
    SIGFPE: crash_handler in libjvm.so, mask=11100100010111111101111111111110, flags=SA_RESTART|SA_SIGINFO
   SIGPIPE: javaSignalHandler in libjvm.so, mask=11100100010111111101111111111110, flags=SA_RESTART|SA_SIGINFO
   SIGXFSZ: javaSignalHandler in libjvm.so, mask=11100100010111111101111111111110, flags=SA_RESTART|SA_SIGINFO
    SIGILL: crash_handler in libjvm.so, mask=11100100010111111101111111111110, flags=SA_RESTART|SA_SIGINFO
   SIGUSR2: SR_handler in libjvm.so, mask=00100000000000000000000000000000, flags=SA_RESTART|SA_SIGINFO
    SIGHUP: UserHandler in libjvm.so, mask=11100100010111111101111111111110, flags=SA_RESTART|SA_SIGINFO
    SIGINT: UserHandler in libjvm.so, mask=11100100010111111101111111111110, flags=SA_RESTART|SA_SIGINFO
   SIGTERM: UserHandler in libjvm.so, mask=11100100010111111101111111111110, flags=SA_RESTART|SA_SIGINFO
   SIGQUIT: UserHandler in libjvm.so, mask=11100100010111111101111111111110, flags=SA_RESTART|SA_SIGINFO
  *** Handler was modified!
  *** Expected: javaSignalHandler in libjvm.so, mask=11100100110111111111111111111110, flags=SA_RESTART|SA_SIGINFO
   SIGTRAP: crash_handler in libjvm.so, mask=11100100010111111101111111111110, flags=SA_RESTART|SA_SIGINFO


---------------  S Y S T E M  ---------------

OS:
DISTRIB_ID=Ubuntu
DISTRIB_RELEASE=20.04
DISTRIB_CODENAME=focal
DISTRIB_DESCRIPTION="Ubuntu 20.04.4 LTS"
uname: Linux 5.13.0-44-generic #49~20.04.1-Ubuntu SMP Wed May 18 18:44:28 UTC 2022 x86_64
OS uptime: 0 days 0:05 hours
libc: glibc 2.31 NPTL 2.31 
rlimit (soft/hard): STACK 8192k/infinity , CORE 0k/infinity , NPROC 31197/31197 , NOFILE 1048576/1048576 , AS infinity/infinity , CPU infinity/infinity , DATA infinity/infinity , FSIZE infinity/infinity , MEMLOCK 65536k/65536k
load average: 1,16 1,46 0,77

/proc/meminfo:
MemTotal:        8058652 kB
MemFree:         2844000 kB
MemAvailable:    4722696 kB
Buffers:          149180 kB
Cached:          1912676 kB
SwapCached:            0 kB
Active:           835740 kB
Inactive:        3993716 kB
Active(anon):       2148 kB
Inactive(anon):  2780580 kB
Active(file):     833592 kB
Inactive(file):  1213136 kB
Unevictable:          32 kB
Mlocked:              32 kB
SwapTotal:      15624188 kB
SwapFree:       15624188 kB
Dirty:               300 kB
Writeback:            60 kB
AnonPages:       2767676 kB
Mapped:           620076 kB
Shmem:             45212 kB
KReclaimable:     104248 kB
Slab:             227064 kB
SReclaimable:     104248 kB
SUnreclaim:       122816 kB
KernelStack:       16272 kB
PageTables:        30368 kB
NFS_Unstable:          0 kB
Bounce:                0 kB
WritebackTmp:          0 kB
CommitLimit:    19653512 kB
Committed_AS:    8551836 kB
VmallocTotal:   34359738367 kB
VmallocUsed:       42656 kB
VmallocChunk:          0 kB
Percpu:             8032 kB
HardwareCorrupted:     0 kB
AnonHugePages:         0 kB
ShmemHugePages:        0 kB
ShmemPmdMapped:        0 kB
FileHugePages:         0 kB
FilePmdMapped:         0 kB
HugePages_Total:       0
HugePages_Free:        0
HugePages_Rsvd:        0
HugePages_Surp:        0
Hugepagesize:       2048 kB
Hugetlb:               0 kB
DirectMap4k:      274944 kB
DirectMap2M:     3901440 kB
DirectMap1G:     4194304 kB

/sys/kernel/mm/transparent_hugepage/enabled: always [madvise] never
/sys/kernel/mm/transparent_hugepage/defrag (defrag/compaction efforts parameter): always defer defer+madvise [madvise] never

Process Memory:
Virtual Size: 5063040K (peak: 5122456K)
Resident Set Size: 54440K (peak: 54440K) (anon: 25440K, file: 29000K, shmem: 0K)
Swapped out: 0K
C-Heap outstanding allocations: 3103K

/proc/sys/kernel/threads-max (system-wide limit on the number of threads): 62394
/proc/sys/vm/max_map_count (maximum number of memory map areas a process may have): 65530
/proc/sys/kernel/pid_max (system-wide limit on number of process identifiers): 4194304

container (cgroup) information:
container_type: cgroupv1
cpu_cpuset_cpus: 0-7
cpu_memory_nodes: 0
active_processor_count: 8
cpu_quota: no quota
cpu_period: 100000
cpu_shares: no shares
memory_limit_in_bytes: unlimited
memory_and_swap_limit_in_bytes: unlimited
memory_soft_limit_in_bytes: unlimited
memory_usage_in_bytes: 3587706880
memory_max_usage_in_bytes: 3707314176
maximum number of tasks: unlimited
current number of tasks: 696

Steal ticks since vm start: 0
Steal ticks percentage since vm start:  0,000

CPU: total 8 (initial active 8) (8 cores per cpu, 1 threads per core) family 21 model 2 stepping 0 microcode 0x6000852, cx8, cmov, fxsr, mmx, 3dnowpref, sse, sse2, sse3, ssse3, sse4a, sse4.1, sse4.2, popcnt, lzcnt, tsc, tscinvbit, avx, aes, clmul, bmi1, fma, vzeroupper, clflush
CPU Model and flags from /proc/cpuinfo:
model name	: AMD FX-8320E Eight-Core Processor
flags		: fpu vme de pse tsc msr pae mce cx8 apic sep mtrr pge mca cmov pat pse36 clflush mmx fxsr sse sse2 ht syscall nx mmxext fxsr_opt pdpe1gb rdtscp lm constant_tsc rep_good nopl nonstop_tsc cpuid extd_apicid aperfmperf pni pclmulqdq monitor ssse3 fma cx16 sse4_1 sse4_2 popcnt aes xsave avx f16c lahf_lm cmp_legacy svm extapic cr8_legacy abm sse4a misalignsse 3dnowprefetch osvw ibs xop skinit wdt fma4 tce nodeid_msr tbm topoext perfctr_core perfctr_nb cpb hw_pstate ssbd ibpb vmmcall bmi1 arat npt lbrv svm_lock nrip_save tsc_scale vmcb_clean flushbyasid decodeassists pausefilter pfthreshold

Online cpus: 0-7
Offline cpus: 
BIOS frequency limitation: 3200000
Frequency switch latency (ns): 4000
Available cpu frequencies: 3200000 2800000 2300000 1800000 1400000 
Current governor: ondemand
Core performance/turbo boost: 1

Memory: 4k page, physical 8058652k(2844000k free), swap 15624188k(15624188k free)
Page Sizes: 4k

vm_info: OpenJDK 64-Bit Server VM (17.0.3+7-LTS) for linux-amd64 JRE (17.0.3+7-LTS), built on Apr 18 2022 21:04:05 by "re" with gcc 7.3.1 20180303 (Red Hat 7.3.1-5)

END.
